Using pre-set license
Built from '2020.2/staging' branch; Version is '2020.2.0b13 (655e1a328b90) revision 6643226'; Using compiler version '192528614'; Build Type 'Release'
OS: 'Windows 10  (10.0.0) 64bit' Language: 'zh' Physical Memory: 16319 MB
BatchMode: 1, IsHumanControllingUs: 0, StartBugReporterOnCrash: 0, Is64bit: 1, IsPro: 0

 COMMAND LINE ARGUMENTS:
C:\Program Files\Unity\Hub\Editor\2020.2.0b13\Editor\Unity.exe
-adb2
-batchMode
-noUpm
-name
AssetImportWorker0
-projectPath
C:/Users/Chatoyant/Documents/GitHub/UIElements-demo
-logFile
Logs/AssetImportWorker0.log
-srvPort
59654
Successfully changed project path to: C:/Users/Chatoyant/Documents/GitHub/UIElements-demo
C:/Users/Chatoyant/Documents/GitHub/UIElements-demo
Using Asset Import Pipeline V2.
Refreshing native plugins compatible for Editor in 59.86 ms, found 0 plugins.
Preloading 0 native plugins for Editor in 0.00 ms.
Initialize engine version: 2020.2.0b13 (655e1a328b90)
[Subsystems] Discovering subsystems at path C:/Program Files/Unity/Hub/Editor/2020.2.0b13/Editor/Data/Resources/UnitySubsystems
[Subsystems] Discovering subsystems at path C:/Users/Chatoyant/Documents/GitHub/UIElements-demo/Assets
GfxDevice: creating device client; threaded=0
Direct3D:
    Version:  Direct3D 11.0 [level 11.1]
    Renderer: NVIDIA GeForce GTX 1070 (ID=0x1b81)
    Vendor:   
    VRAM:     8088 MB
    Driver:   26.21.14.3200
Initialize mono
Mono path[0] = 'C:/Program Files/Unity/Hub/Editor/2020.2.0b13/Editor/Data/Managed'
Mono path[1] = 'C:/Program Files/Unity/Hub/Editor/2020.2.0b13/Editor/Data/MonoBleedingEdge/lib/mono/unityjit'
Mono config path = 'C:/Program Files/Unity/Hub/Editor/2020.2.0b13/Editor/Data/MonoBleedingEdge/etc'
Using monoOptions --debugger-agent=transport=dt_socket,embedding=1,server=y,suspend=n,address=127.0.0.1:56572
Begin MonoManager ReloadAssembly
Registering precompiled unity dll's ...
Register platform support module: C:/Program Files/Unity/Hub/Editor/2020.2.0b13/Editor/Data/PlaybackEngines/WindowsStandaloneSupport/UnityEditor.WindowsStandalone.Extensions.dll
Registered in 0.001761 seconds.
Native extension for WindowsStandalone target not found
Refreshing native plugins compatible for Editor in 33.86 ms, found 0 plugins.
Preloading 0 native plugins for Editor in 0.00 ms.
Invoked RoslynAnalysisRunner static constructor.
RoslynAnalysisRunner will not be running.
RoslynAnalysisRunner has terminated.
Mono: successfully reloaded assembly
- Completed reload, in  0.954 seconds
Platform modules already initialized, skipping
Registering precompiled user dll's ...
Registered in 0.002698 seconds.
Begin MonoManager ReloadAssembly
Symbol file LoadedFromMemory doesn't match image C:\Users\Chatoyant\Documents\GitHub\UIElements-demo\Library\PackageCache\com.unity.ext.nunit@1.0.0\net35\unity-custom\nunit.framework.dll
Native extension for WindowsStandalone target not found
Refreshing native plugins compatible for Editor in 0.35 ms, found 0 plugins.
Preloading 0 native plugins for Editor in 0.00 ms.
Invoked RoslynAnalysisRunner static constructor.
RoslynAnalysisRunner will not be running.
RoslynAnalysisRunner has terminated.
Mono: successfully reloaded assembly
- Completed reload, in  0.840 seconds
Platform modules already initialized, skipping
========================================================================
Worker process is ready to serve import requests
Launched and connected shader compiler UnityShaderCompiler.exe after 0.06 seconds
Refreshing native plugins compatible for Editor in 0.35 ms, found 0 plugins.
Preloading 0 native plugins for Editor in 0.00 ms.
Unloading 1345 Unused Serialized files (Serialized files now loaded: 0)
System memory in use before: 62.5 MB.
System memory in use after: 62.5 MB.

Unloading 33 unused Assets to reduce memory usage. Loaded Objects now: 1770.
Total: 1.763000 ms (FindLiveObjects: 0.168600 ms CreateObjectMapping: 0.042400 ms MarkObjects: 1.468100 ms  DeleteObjects: 0.082800 ms)

========================================================================
Received Import Request.
  path: Assets
  artifactKey: Guid(00000000000000001000000000000000) Importer(815301076,1909f56bfc062723c751e8b465ee728b)
Start importing Assets using Guid(00000000000000001000000000000000) Importer(815301076,1909f56bfc062723c751e8b465ee728b)  -> (artifact id: 'a2024a5447ea30736529f0b4f1ce1248') in 0.009270 seconds
  Import took 0.011228 seconds .

========================================================================
Received Import Request.
  Time since last request: 6.027769 seconds.
  path: Assets
  artifactKey: Guid(00000000000000001000000000000000) Importer(815301076,1909f56bfc062723c751e8b465ee728b)
Start importing Assets using Guid(00000000000000001000000000000000) Importer(815301076,1909f56bfc062723c751e8b465ee728b)  -> (artifact id: 'a2024a5447ea30736529f0b4f1ce1248') in 0.003322 seconds
  Import took 0.005997 seconds .

========================================================================
Received Import Request.
  Time since last request: 8.748144 seconds.
  path: Assets/Hello World
  artifactKey: Guid(7140aab938d26a04c949de1dd82a3679) Importer(815301076,1909f56bfc062723c751e8b465ee728b)
Start importing Assets/Hello World using Guid(7140aab938d26a04c949de1dd82a3679) Importer(815301076,1909f56bfc062723c751e8b465ee728b)  -> (artifact id: '54a0bfbab77676ac35470367638f71a0') in 0.008315 seconds
  Import took 0.011587 seconds .

========================================================================
Received Import Request.
  Time since last request: 28.255586 seconds.
  path: Assets/Hello World/ui.uxml
  artifactKey: Guid(2eed0145561a92d44b0e2123aa501cc1) Importer(815301076,1909f56bfc062723c751e8b465ee728b)
Start importing Assets/Hello World/ui.uxml using Guid(2eed0145561a92d44b0e2123aa501cc1) Importer(815301076,1909f56bfc062723c751e8b465ee728b)  -> (artifact id: 'beab30ab7826834fb2c64dac952213c9') in 0.058169 seconds
  Import took 0.061738 seconds .

========================================================================
Received Import Request.
  Time since last request: 35.748559 seconds.
  path: Assets/Hello World/ui.uxml
  artifactKey: Guid(2eed0145561a92d44b0e2123aa501cc1) Importer(815301076,1909f56bfc062723c751e8b465ee728b)
Start importing Assets/Hello World/ui.uxml using Guid(2eed0145561a92d44b0e2123aa501cc1) Importer(815301076,1909f56bfc062723c751e8b465ee728b)  -> (artifact id: '10f42879d7786badfad40a575716edf2') in 0.006220 seconds
  Import took 0.011718 seconds .

========================================================================
Received Import Request.
  Time since last request: 13.484195 seconds.
  path: Assets/Hello World/ui.cs
  artifactKey: Guid(ad597f2279415e941b06764ece6f7a7f) Importer(815301076,1909f56bfc062723c751e8b465ee728b)
Start importing Assets/Hello World/ui.cs using Guid(ad597f2279415e941b06764ece6f7a7f) Importer(815301076,1909f56bfc062723c751e8b465ee728b)  -> (artifact id: 'e40d928dff22779f01f77230158bc43e') in 0.089817 seconds
  Import took 0.093421 seconds .

========================================================================
Received Prepare
Registering precompiled user dll's ...
Registered in 0.003856 seconds.
Begin MonoManager ReloadAssembly
Symbol file LoadedFromMemory doesn't match image C:\Users\Chatoyant\Documents\GitHub\UIElements-demo\Library\PackageCache\com.unity.ext.nunit@1.0.0\net35\unity-custom\nunit.framework.dll
Native extension for WindowsStandalone target not found
Refreshing native plugins compatible for Editor in 0.37 ms, found 0 plugins.
Preloading 0 native plugins for Editor in 0.00 ms.
Invoked RoslynAnalysisRunner static constructor.
RoslynAnalysisRunner will not be running.
RoslynAnalysisRunner has terminated.
Mono: successfully reloaded assembly
- Completed reload, in  0.885 seconds
Platform modules already initialized, skipping
Refreshing native plugins compatible for Editor in 0.40 ms, found 0 plugins.
Preloading 0 native plugins for Editor in 0.00 ms.
Unloading 1341 Unused Serialized files (Serialized files now loaded: 0)
System memory in use before: 62.5 MB.
System memory in use after: 62.6 MB.

Unloading 24 unused Assets to reduce memory usage. Loaded Objects now: 1773.
Total: 1.948800 ms (FindLiveObjects: 0.148500 ms CreateObjectMapping: 0.036200 ms MarkObjects: 1.738500 ms  DeleteObjects: 0.024700 ms)

========================================================================
Received Import Request.
  Time since last request: 400.888563 seconds.
  path: Assets/Hello World/ui.cs
  artifactKey: Guid(ad597f2279415e941b06764ece6f7a7f) Importer(815301076,1909f56bfc062723c751e8b465ee728b)
Start importing Assets/Hello World/ui.cs using Guid(ad597f2279415e941b06764ece6f7a7f) Importer(815301076,1909f56bfc062723c751e8b465ee728b)  -> (artifact id: 'a622ceb71d584094740c4758356204a6') in 0.011102 seconds
  Import took 0.014148 seconds .

========================================================================
Received Import Request.
  Time since last request: 0.002177 seconds.
  path: Assets/Hello World/ui.cs
  artifactKey: Guid(ad597f2279415e941b06764ece6f7a7f) Importer(815301076,1909f56bfc062723c751e8b465ee728b)
Start importing Assets/Hello World/ui.cs using Guid(ad597f2279415e941b06764ece6f7a7f) Importer(815301076,1909f56bfc062723c751e8b465ee728b)  -> (artifact id: 'a622ceb71d584094740c4758356204a6') in 0.003327 seconds
  Import took 0.005795 seconds .

========================================================================
Received Import Request.
  Time since last request: 19.614950 seconds.
  path: Assets/Hello World/EditorHelloWorld.cs
  artifactKey: Guid(ad597f2279415e941b06764ece6f7a7f) Importer(815301076,1909f56bfc062723c751e8b465ee728b)
Start importing Assets/Hello World/EditorHelloWorld.cs using Guid(ad597f2279415e941b06764ece6f7a7f) Importer(815301076,1909f56bfc062723c751e8b465ee728b)  -> (artifact id: '41c83d3c86f9eb416135e79a5cc0d3f1') in 0.008507 seconds
  Import took 0.011981 seconds .

========================================================================
Received Import Request.
  Time since last request: 0.001372 seconds.
  path: Assets/Hello World/EditorHelloWorld.cs
  artifactKey: Guid(ad597f2279415e941b06764ece6f7a7f) Importer(815301076,1909f56bfc062723c751e8b465ee728b)
Start importing Assets/Hello World/EditorHelloWorld.cs using Guid(ad597f2279415e941b06764ece6f7a7f) Importer(815301076,1909f56bfc062723c751e8b465ee728b)  -> (artifact id: '41c83d3c86f9eb416135e79a5cc0d3f1') in 0.003766 seconds
  Import took 0.007351 seconds .

========================================================================
Received Import Request.
  Time since last request: 2.637476 seconds.
  path: Assets/Hello World/EditorHelloWorld.uxml
  artifactKey: Guid(2eed0145561a92d44b0e2123aa501cc1) Importer(815301076,1909f56bfc062723c751e8b465ee728b)
Start importing Assets/Hello World/EditorHelloWorld.uxml using Guid(2eed0145561a92d44b0e2123aa501cc1) Importer(815301076,1909f56bfc062723c751e8b465ee728b)  -> (artifact id: '94178309b07561f5d548e54e7998a854') in 0.020028 seconds
  Import took 0.022156 seconds .

========================================================================
Received Import Request.
  Time since last request: 48.004540 seconds.
  path: Assets/EditorHelloWorld/ui.cs
  artifactKey: Guid(87722a3ffc56cd74f98e9101edd339c9) Importer(815301076,1909f56bfc062723c751e8b465ee728b)
Start importing Assets/EditorHelloWorld/ui.cs using Guid(87722a3ffc56cd74f98e9101edd339c9) Importer(815301076,1909f56bfc062723c751e8b465ee728b)  -> (artifact id: '3d1630b05c09c568697d5506febe10b2') in 0.003571 seconds
  Import took 0.006092 seconds .

========================================================================
Received Import Request.
  Time since last request: 0.001510 seconds.
  path: Assets/EditorHelloWorld/ui.cs
  artifactKey: Guid(87722a3ffc56cd74f98e9101edd339c9) Importer(815301076,1909f56bfc062723c751e8b465ee728b)
Start importing Assets/EditorHelloWorld/ui.cs using Guid(87722a3ffc56cd74f98e9101edd339c9) Importer(815301076,1909f56bfc062723c751e8b465ee728b)  -> (artifact id: '3d1630b05c09c568697d5506febe10b2') in 0.003358 seconds
  Import took 0.006107 seconds .

========================================================================
Received Import Request.
  Time since last request: 29.889882 seconds.
  path: Assets/EditorHelloWorld/EditorHelloWorld.cs
  artifactKey: Guid(ad597f2279415e941b06764ece6f7a7f) Importer(815301076,1909f56bfc062723c751e8b465ee728b)
Start importing Assets/EditorHelloWorld/EditorHelloWorld.cs using Guid(ad597f2279415e941b06764ece6f7a7f) Importer(815301076,1909f56bfc062723c751e8b465ee728b)  -> (artifact id: 'bf3fd9d6e46a02723fd97f7e3d8f879b') in 0.004082 seconds
  Import took 0.007026 seconds .

========================================================================
Received Prepare
Registering precompiled user dll's ...
Registered in 0.002482 seconds.
Begin MonoManager ReloadAssembly
Symbol file LoadedFromMemory doesn't match image C:\Users\Chatoyant\Documents\GitHub\UIElements-demo\Library\PackageCache\com.unity.ext.nunit@1.0.0\net35\unity-custom\nunit.framework.dll
Native extension for WindowsStandalone target not found
Refreshing native plugins compatible for Editor in 0.44 ms, found 0 plugins.
Preloading 0 native plugins for Editor in 0.00 ms.
Invoked RoslynAnalysisRunner static constructor.
RoslynAnalysisRunner will not be running.
RoslynAnalysisRunner has terminated.
Mono: successfully reloaded assembly
- Completed reload, in  0.849 seconds
Platform modules already initialized, skipping
Refreshing native plugins compatible for Editor in 0.46 ms, found 0 plugins.
Preloading 0 native plugins for Editor in 0.00 ms.
Unloading 1341 Unused Serialized files (Serialized files now loaded: 0)
System memory in use before: 62.6 MB.
System memory in use after: 62.7 MB.

Unloading 24 unused Assets to reduce memory usage. Loaded Objects now: 1775.
Total: 2.657400 ms (FindLiveObjects: 0.201700 ms CreateObjectMapping: 0.043900 ms MarkObjects: 2.368500 ms  DeleteObjects: 0.042000 ms)

========================================================================
Received Import Request.
  Time since last request: 285.123623 seconds.
  path: Assets/EditorHelloWorld/EditorHelloWorld.uxml
  artifactKey: Guid(2eed0145561a92d44b0e2123aa501cc1) Importer(815301076,1909f56bfc062723c751e8b465ee728b)
Start importing Assets/EditorHelloWorld/EditorHelloWorld.uxml using Guid(2eed0145561a92d44b0e2123aa501cc1) Importer(815301076,1909f56bfc062723c751e8b465ee728b)  -> (artifact id: '1ce06c1d636302bbf5ccd4b2ab4f82fb') in 0.023704 seconds
  Import took 0.026095 seconds .

========================================================================
Received Import Request.
  Time since last request: 0.000575 seconds.
  path: Assets/EditorHelloWorld/EditorHelloWorld.uxml
  artifactKey: Guid(2eed0145561a92d44b0e2123aa501cc1) Importer(815301076,1909f56bfc062723c751e8b465ee728b)
Start importing Assets/EditorHelloWorld/EditorHelloWorld.uxml using Guid(2eed0145561a92d44b0e2123aa501cc1) Importer(815301076,1909f56bfc062723c751e8b465ee728b)  -> (artifact id: '1ce06c1d636302bbf5ccd4b2ab4f82fb') in 0.005220 seconds
  Import took 0.007527 seconds .

AssetImportWorkerClient::OnTransportError - code=2 error=End of file
